<?xml version="1.0" encoding="UTF-8"?>
<!-- Generated by org.testng.reporters.JUnitXMLReporter -->
<testsuite ignored="0" hostname="LAP-63283" failures="0" tests="6" name="API Tests" time="8.894" errors="0" timestamp="2026-03-02T09:54:14 IST">
  <testcase classname="api.AuthenticationTest" name="test_api_without_auth_should_fail" time="1.668"/>
  <testcase classname="api.CreateEmployeeTest" name="test_create_employee" time="2.258"/>
  <testcase classname="api.EmployeeLifecycleTest" name="test_employee_full_lifecycle" time="2.593"/>
  <testcase classname="api.NegativeCasesTest" name="test_invalid_dependants" time="0.762"/>
  <testcase classname="api.NegativeCasesTest" name="test_missing_required_fields" time="0.736"/>
  <testcase classname="api.NegativeCasesTest" name="test_negative_salary_behavior" time="0.784"/>
</testsuite> <!-- API Tests -->
