<?xml version="1.0" encoding="UTF-8"?>
<!-- Generated by org.testng.reporters.JUnitXMLReporter -->
<testsuite ignored="0" hostname="LAP-63283" failures="0" tests="3" name="UI Tests" time="31.478" errors="0" timestamp="2026-03-02T09:54:46 IST">
  <testcase classname="ui.EmployeesUITest" name="test_add_employee_ui" time="9.348"/>
  <testcase classname="ui.EmployeesUITest" name="test_delete_employee_ui" time="9.455"/>
  <testcase classname="ui.EmployeesUITest" name="test_update_employee_ui" time="8.726"/>
</testsuite> <!-- UI Tests -->
