<?xml version="1.0" encoding="UTF-8"?>
<!-- Generated by org.testng.reporters.JUnitReportReporter -->
<testsuite hostname="LAP-63283" failures="0" tests="3" name="ui.EmployeesUITest" time="31.458" errors="0" timestamp="2026-03-02T09:54:46 IST" skipped="0">
  <testcase classname="ui.EmployeesUITest" name="test_delete_employee_ui" time="10.500"/>
  <testcase classname="ui.EmployeesUITest" name="test_add_employee_ui" time="10.896"/>
  <testcase classname="ui.EmployeesUITest" name="test_update_employee_ui" time="10.062"/>
</testsuite> <!-- ui.EmployeesUITest -->
