<?xml version="1.0" encoding="UTF-8"?>
<!-- Generated by org.testng.reporters.JUnitReportReporter -->
<testsuite hostname="LAP-63283" failures="0" tests="3" name="api.NegativeCasesTest" time="2.282" errors="0" timestamp="2026-03-02T09:54:46 IST" skipped="0">
  <testcase classname="api.NegativeCasesTest" name="test_invalid_dependants" time="0.762"/>
  <testcase classname="api.NegativeCasesTest" name="test_negative_salary_behavior" time="0.784"/>
  <testcase classname="api.NegativeCasesTest" name="test_missing_required_fields" time="0.736"/>
</testsuite> <!-- api.NegativeCasesTest -->
